{"/Users/seba/work-respositories/veryfi-nodejs/lib/main.js": {"path":"/Users/seba/work-respositories/veryfi-nodejs/lib/main.js","statementMap":{"0":{"start":{"line":1,"column":21},"end":{"line":1,"column":38}},"1":{"start":{"line":2,"column":14},"end":{"line":2,"column":38}},"2":{"start":{"line":3,"column":13},"end":{"line":3,"column":28}},"3":{"start":{"line":4,"column":11},"end":{"line":4,"column":24}},"4":{"start":{"line":25,"column":4},"end":{"line":25,"column":31}},"5":{"start":{"line":26,"column":4},"end":{"line":26,"column":39}},"6":{"start":{"line":27,"column":4},"end":{"line":27,"column":29}},"7":{"start":{"line":28,"column":4},"end":{"line":28,"column":27}},"8":{"start":{"line":29,"column":4},"end":{"line":29,"column":29}},"9":{"start":{"line":30,"column":4},"end":{"line":30,"column":35}},"10":{"start":{"line":31,"column":4},"end":{"line":47,"column":6}},"11":{"start":{"line":55,"column":0},"end":{"line":57,"column":1}},"12":{"start":{"line":56,"column":4},"end":{"line":56,"column":76}},"13":{"start":{"line":56,"column":35},"end":{"line":56,"column":76}},"14":{"start":{"line":65,"column":0},"end":{"line":77,"column":1}},"15":{"start":{"line":66,"column":24},"end":{"line":72,"column":5}},"16":{"start":{"line":73,"column":4},"end":{"line":75,"column":5}},"17":{"start":{"line":74,"column":8},"end":{"line":74,"column":76}},"18":{"start":{"line":76,"column":4},"end":{"line":76,"column":25}},"19":{"start":{"line":84,"column":0},"end":{"line":86,"column":1}},"20":{"start":{"line":85,"column":4},"end":{"line":85,"column":53}},"21":{"start":{"line":95,"column":0},"end":{"line":111,"column":1}},"22":{"start":{"line":96,"column":18},"end":{"line":96,"column":42}},"23":{"start":{"line":97,"column":4},"end":{"line":101,"column":5}},"24":{"start":{"line":97,"column":17},"end":{"line":97,"column":18}},"25":{"start":{"line":98,"column":18},"end":{"line":98,"column":48}},"26":{"start":{"line":99,"column":20},"end":{"line":99,"column":39}},"27":{"start":{"line":100,"column":8},"end":{"line":100,"column":47}},"28":{"start":{"line":102,"column":25},"end":{"line":102,"column":54}},"29":{"start":{"line":103,"column":26},"end":{"line":103,"column":44}},"30":{"start":{"line":104,"column":15},"end":{"line":104,"column":49}},"31":{"start":{"line":105,"column":4},"end":{"line":105,"column":31}},"32":{"start":{"line":106,"column":24},"end":{"line":106,"column":37}},"33":{"start":{"line":107,"column":27},"end":{"line":107,"column":72}},"34":{"start":{"line":108,"column":4},"end":{"line":108,"column":78}},"35":{"start":{"line":110,"column":4},"end":{"line":110,"column":28}},"36":{"start":{"line":122,"column":0},"end":{"line":155,"column":1}},"37":{"start":{"line":123,"column":21},"end":{"line":123,"column":41}},"38":{"start":{"line":124,"column":18},"end":{"line":124,"column":46}},"39":{"start":{"line":125,"column":18},"end":{"line":125,"column":62}},"40":{"start":{"line":127,"column":4},"end":{"line":134,"column":5}},"41":{"start":{"line":128,"column":24},"end":{"line":128,"column":34}},"42":{"start":{"line":129,"column":24},"end":{"line":129,"column":78}},"43":{"start":{"line":130,"column":8},"end":{"line":133,"column":11}},"44":{"start":{"line":136,"column":4},"end":{"line":140,"column":5}},"45":{"start":{"line":137,"column":8},"end":{"line":137,"column":62}},"46":{"start":{"line":139,"column":8},"end":{"line":139,"column":55}},"47":{"start":{"line":142,"column":4},"end":{"line":154,"column":5}},"48":{"start":{"line":143,"column":8},"end":{"line":149,"column":11}},"49":{"start":{"line":151,"column":26},"end":{"line":151,"column":56}},"50":{"start":{"line":152,"column":24},"end":{"line":152,"column":61}},"51":{"start":{"line":153,"column":8},"end":{"line":153,"column":49}},"52":{"start":{"line":163,"column":0},"end":{"line":171,"column":1}},"53":{"start":{"line":164,"column":24},"end":{"line":164,"column":37}},"54":{"start":{"line":165,"column":28},"end":{"line":165,"column":30}},"55":{"start":{"line":166,"column":20},"end":{"line":166,"column":80}},"56":{"start":{"line":167,"column":4},"end":{"line":169,"column":5}},"57":{"start":{"line":168,"column":8},"end":{"line":168,"column":33}},"58":{"start":{"line":170,"column":4},"end":{"line":170,"column":21}},"59":{"start":{"line":179,"column":0},"end":{"line":184,"column":1}},"60":{"start":{"line":180,"column":24},"end":{"line":180,"column":52}},"61":{"start":{"line":181,"column":28},"end":{"line":181,"column":47}},"62":{"start":{"line":182,"column":19},"end":{"line":182,"column":79}},"63":{"start":{"line":183,"column":4},"end":{"line":183,"column":28}},"64":{"start":{"line":201,"column":0},"end":{"line":224,"column":1}},"65":{"start":{"line":208,"column":24},"end":{"line":208,"column":37}},"66":{"start":{"line":209,"column":4},"end":{"line":211,"column":5}},"67":{"start":{"line":210,"column":8},"end":{"line":210,"column":37}},"68":{"start":{"line":212,"column":20},"end":{"line":212,"column":44}},"69":{"start":{"line":213,"column":23},"end":{"line":213,"column":71}},"70":{"start":{"line":214,"column":34},"end":{"line":214,"column":75}},"71":{"start":{"line":215,"column":28},"end":{"line":220,"column":5}},"72":{"start":{"line":221,"column":4},"end":{"line":221,"column":64}},"73":{"start":{"line":222,"column":19},"end":{"line":222,"column":80}},"74":{"start":{"line":223,"column":4},"end":{"line":223,"column":28}},"75":{"start":{"line":243,"column":0},"end":{"line":264,"column":1}},"76":{"start":{"line":251,"column":24},"end":{"line":251,"column":37}},"77":{"start":{"line":252,"column":4},"end":{"line":254,"column":5}},"78":{"start":{"line":253,"column":8},"end":{"line":253,"column":37}},"79":{"start":{"line":255,"column":28},"end":{"line":260,"column":5}},"80":{"start":{"line":261,"column":4},"end":{"line":261,"column":64}},"81":{"start":{"line":262,"column":19},"end":{"line":262,"column":80}},"82":{"start":{"line":263,"column":4},"end":{"line":263,"column":28}},"83":{"start":{"line":282,"column":0},"end":{"line":308,"column":1}},"84":{"start":{"line":292,"column":24},"end":{"line":292,"column":37}},"85":{"start":{"line":293,"column":4},"end":{"line":295,"column":5}},"86":{"start":{"line":294,"column":8},"end":{"line":294,"column":37}},"87":{"start":{"line":296,"column":28},"end":{"line":304,"column":5}},"88":{"start":{"line":305,"column":4},"end":{"line":305,"column":64}},"89":{"start":{"line":306,"column":19},"end":{"line":306,"column":80}},"90":{"start":{"line":307,"column":4},"end":{"line":307,"column":27}},"91":{"start":{"line":316,"column":0},"end":{"line":320,"column":1}},"92":{"start":{"line":317,"column":24},"end":{"line":317,"column":52}},"93":{"start":{"line":318,"column":28},"end":{"line":318,"column":47}},"94":{"start":{"line":319,"column":4},"end":{"line":319,"column":69}},"95":{"start":{"line":332,"column":0},"end":{"line":336,"column":1}},"96":{"start":{"line":333,"column":24},"end":{"line":333,"column":52}},"97":{"start":{"line":334,"column":19},"end":{"line":334,"column":68}},"98":{"start":{"line":335,"column":4},"end":{"line":335,"column":28}},"99":{"start":{"line":338,"column":0},"end":{"line":344,"column":1}},"100":{"start":{"line":339,"column":4},"end":{"line":339,"column":28}},"101":{"start":{"line":340,"column":24},"end":{"line":340,"column":39}},"102":{"start":{"line":341,"column":28},"end":{"line":341,"column":30}},"103":{"start":{"line":342,"column":19},"end":{"line":342,"column":79}},"104":{"start":{"line":343,"column":4},"end":{"line":343,"column":27}},"105":{"start":{"line":346,"column":0},"end":{"line":354,"column":1}},"106":{"start":{"line":349,"column":4},"end":{"line":349,"column":28}},"107":{"start":{"line":350,"column":24},"end":{"line":350,"column":54}},"108":{"start":{"line":351,"column":28},"end":{"line":351,"column":47}},"109":{"start":{"line":352,"column":19},"end":{"line":352,"column":79}},"110":{"start":{"line":353,"column":4},"end":{"line":353,"column":27}},"111":{"start":{"line":356,"column":0},"end":{"line":376,"column":1}},"112":{"start":{"line":364,"column":4},"end":{"line":364,"column":28}},"113":{"start":{"line":365,"column":24},"end":{"line":365,"column":39}},"114":{"start":{"line":366,"column":28},"end":{"line":372,"column":5}},"115":{"start":{"line":373,"column":4},"end":{"line":373,"column":64}},"116":{"start":{"line":374,"column":19},"end":{"line":374,"column":80}},"117":{"start":{"line":375,"column":4},"end":{"line":375,"column":27}},"118":{"start":{"line":378,"column":0},"end":{"line":397,"column":1}},"119":{"start":{"line":385,"column":4},"end":{"line":385,"column":28}},"120":{"start":{"line":386,"column":22},"end":{"line":386,"column":46}},"121":{"start":{"line":387,"column":23},"end":{"line":387,"column":71}},"122":{"start":{"line":388,"column":34},"end":{"line":388,"column":75}},"123":{"start":{"line":389,"column":4},"end":{"line":396,"column":5}},"124":{"start":{"line":399,"column":0},"end":{"line":418,"column":1}},"125":{"start":{"line":407,"column":24},"end":{"line":407,"column":39}},"126":{"start":{"line":408,"column":28},"end":{"line":414,"column":5}},"127":{"start":{"line":415,"column":4},"end":{"line":415,"column":64}},"128":{"start":{"line":416,"column":19},"end":{"line":416,"column":80}},"129":{"start":{"line":417,"column":4},"end":{"line":417,"column":27}},"130":{"start":{"line":422,"column":0},"end":{"line":422,"column":24}}},"fnMap":{"0":{"name":"Client","decl":{"start":{"line":17,"column":9},"end":{"line":17,"column":15}},"loc":{"start":{"line":24,"column":20},"end":{"line":48,"column":1}},"line":24},"1":{"name":"(anonymous_1)","decl":{"start":{"line":55,"column":37},"end":{"line":55,"column":38}},"loc":{"start":{"line":55,"column":49},"end":{"line":57,"column":1}},"line":55},"2":{"name":"(anonymous_2)","decl":{"start":{"line":65,"column":32},"end":{"line":65,"column":33}},"loc":{"start":{"line":65,"column":61},"end":{"line":77,"column":1}},"line":65},"3":{"name":"(anonymous_3)","decl":{"start":{"line":84,"column":28},"end":{"line":84,"column":29}},"loc":{"start":{"line":84,"column":40},"end":{"line":86,"column":1}},"line":84},"4":{"name":"(anonymous_4)","decl":{"start":{"line":95,"column":39},"end":{"line":95,"column":40}},"loc":{"start":{"line":95,"column":76},"end":{"line":111,"column":1}},"line":95},"5":{"name":"(anonymous_5)","decl":{"start":{"line":122,"column":28},"end":{"line":122,"column":29}},"loc":{"start":{"line":122,"column":109},"end":{"line":155,"column":1}},"line":122},"6":{"name":"(anonymous_6)","decl":{"start":{"line":163,"column":33},"end":{"line":163,"column":34}},"loc":{"start":{"line":163,"column":51},"end":{"line":171,"column":1}},"line":163},"7":{"name":"(anonymous_7)","decl":{"start":{"line":179,"column":32},"end":{"line":179,"column":33}},"loc":{"start":{"line":179,"column":61},"end":{"line":184,"column":1}},"line":179},"8":{"name":"(anonymous_8)","decl":{"start":{"line":201,"column":36},"end":{"line":201,"column":37}},"loc":{"start":{"line":206,"column":2},"end":{"line":224,"column":1}},"line":206},"9":{"name":"(anonymous_9)","decl":{"start":{"line":243,"column":43},"end":{"line":243,"column":44}},"loc":{"start":{"line":249,"column":2},"end":{"line":264,"column":1}},"line":249},"10":{"name":"(anonymous_10)","decl":{"start":{"line":282,"column":40},"end":{"line":282,"column":41}},"loc":{"start":{"line":291,"column":2},"end":{"line":308,"column":1}},"line":291},"11":{"name":"(anonymous_11)","decl":{"start":{"line":316,"column":35},"end":{"line":316,"column":36}},"loc":{"start":{"line":316,"column":64},"end":{"line":320,"column":1}},"line":316},"12":{"name":"(anonymous_12)","decl":{"start":{"line":332,"column":35},"end":{"line":332,"column":36}},"loc":{"start":{"line":332,"column":82},"end":{"line":336,"column":1}},"line":332},"13":{"name":"(anonymous_13)","decl":{"start":{"line":338,"column":36},"end":{"line":338,"column":37}},"loc":{"start":{"line":338,"column":54},"end":{"line":344,"column":1}},"line":338},"14":{"name":"(anonymous_14)","decl":{"start":{"line":346,"column":35},"end":{"line":346,"column":36}},"loc":{"start":{"line":348,"column":2},"end":{"line":354,"column":1}},"line":348},"15":{"name":"(anonymous_15)","decl":{"start":{"line":356,"column":51},"end":{"line":356,"column":52}},"loc":{"start":{"line":363,"column":2},"end":{"line":376,"column":1}},"line":363},"16":{"name":"(anonymous_16)","decl":{"start":{"line":378,"column":39},"end":{"line":378,"column":40}},"loc":{"start":{"line":384,"column":2},"end":{"line":397,"column":1}},"line":384},"17":{"name":"(anonymous_17)","decl":{"start":{"line":399,"column":48},"end":{"line":399,"column":49}},"loc":{"start":{"line":406,"column":2},"end":{"line":418,"column":1}},"line":406}},"branchMap":{"0":{"loc":{"start":{"line":22,"column":4},"end":{"line":22,"column":40}},"type":"default-arg","locations":[{"start":{"line":22,"column":15},"end":{"line":22,"column":40}}],"line":22},"1":{"loc":{"start":{"line":23,"column":4},"end":{"line":23,"column":22}},"type":"default-arg","locations":[{"start":{"line":23,"column":18},"end":{"line":23,"column":22}}],"line":23},"2":{"loc":{"start":{"line":24,"column":4},"end":{"line":24,"column":17}},"type":"default-arg","locations":[{"start":{"line":24,"column":14},"end":{"line":24,"column":17}}],"line":24},"3":{"loc":{"start":{"line":56,"column":4},"end":{"line":56,"column":76}},"type":"if","locations":[{"start":{"line":56,"column":4},"end":{"line":56,"column":76}},{"start":{},"end":{}}],"line":56},"4":{"loc":{"start":{"line":65,"column":42},"end":{"line":65,"column":59}},"type":"default-arg","locations":[{"start":{"line":65,"column":54},"end":{"line":65,"column":59}}],"line":65},"5":{"loc":{"start":{"line":73,"column":4},"end":{"line":75,"column":5}},"type":"if","locations":[{"start":{"line":73,"column":4},"end":{"line":75,"column":5}},{"start":{},"end":{}}],"line":73},"6":{"loc":{"start":{"line":122,"column":89},"end":{"line":122,"column":107}},"type":"default-arg","locations":[{"start":{"line":122,"column":103},"end":{"line":122,"column":107}}],"line":122},"7":{"loc":{"start":{"line":127,"column":4},"end":{"line":134,"column":5}},"type":"if","locations":[{"start":{"line":127,"column":4},"end":{"line":134,"column":5}},{"start":{},"end":{}}],"line":127},"8":{"loc":{"start":{"line":136,"column":4},"end":{"line":140,"column":5}},"type":"if","locations":[{"start":{"line":136,"column":4},"end":{"line":140,"column":5}},{"start":{"line":138,"column":11},"end":{"line":140,"column":5}}],"line":136},"9":{"loc":{"start":{"line":167,"column":4},"end":{"line":169,"column":5}},"type":"if","locations":[{"start":{"line":167,"column":4},"end":{"line":169,"column":5}},{"start":{},"end":{}}],"line":167},"10":{"loc":{"start":{"line":203,"column":4},"end":{"line":203,"column":21}},"type":"default-arg","locations":[{"start":{"line":203,"column":17},"end":{"line":203,"column":21}}],"line":203},"11":{"loc":{"start":{"line":204,"column":4},"end":{"line":204,"column":35}},"type":"default-arg","locations":[{"start":{"line":204,"column":30},"end":{"line":204,"column":35}}],"line":204},"12":{"loc":{"start":{"line":205,"column":4},"end":{"line":205,"column":20}},"type":"default-arg","locations":[{"start":{"line":205,"column":18},"end":{"line":205,"column":20}}],"line":205},"13":{"loc":{"start":{"line":209,"column":4},"end":{"line":211,"column":5}},"type":"if","locations":[{"start":{"line":209,"column":4},"end":{"line":211,"column":5}},{"start":{},"end":{}}],"line":209},"14":{"loc":{"start":{"line":246,"column":4},"end":{"line":246,"column":21}},"type":"default-arg","locations":[{"start":{"line":246,"column":17},"end":{"line":246,"column":21}}],"line":246},"15":{"loc":{"start":{"line":247,"column":4},"end":{"line":247,"column":35}},"type":"default-arg","locations":[{"start":{"line":247,"column":30},"end":{"line":247,"column":35}}],"line":247},"16":{"loc":{"start":{"line":248,"column":4},"end":{"line":248,"column":20}},"type":"default-arg","locations":[{"start":{"line":248,"column":18},"end":{"line":248,"column":20}}],"line":248},"17":{"loc":{"start":{"line":252,"column":4},"end":{"line":254,"column":5}},"type":"if","locations":[{"start":{"line":252,"column":4},"end":{"line":254,"column":5}},{"start":{},"end":{}}],"line":252},"18":{"loc":{"start":{"line":283,"column":4},"end":{"line":283,"column":17}},"type":"default-arg","locations":[{"start":{"line":283,"column":15},"end":{"line":283,"column":17}}],"line":283},"19":{"loc":{"start":{"line":284,"column":4},"end":{"line":284,"column":20}},"type":"default-arg","locations":[{"start":{"line":284,"column":16},"end":{"line":284,"column":20}}],"line":284},"20":{"loc":{"start":{"line":285,"column":4},"end":{"line":285,"column":21}},"type":"default-arg","locations":[{"start":{"line":285,"column":17},"end":{"line":285,"column":21}}],"line":285},"21":{"loc":{"start":{"line":286,"column":4},"end":{"line":286,"column":35}},"type":"default-arg","locations":[{"start":{"line":286,"column":30},"end":{"line":286,"column":35}}],"line":286},"22":{"loc":{"start":{"line":287,"column":4},"end":{"line":287,"column":18}},"type":"default-arg","locations":[{"start":{"line":287,"column":17},"end":{"line":287,"column":18}}],"line":287},"23":{"loc":{"start":{"line":288,"column":4},"end":{"line":288,"column":20}},"type":"default-arg","locations":[{"start":{"line":288,"column":18},"end":{"line":288,"column":20}}],"line":288},"24":{"loc":{"start":{"line":289,"column":4},"end":{"line":289,"column":28}},"type":"default-arg","locations":[{"start":{"line":289,"column":27},"end":{"line":289,"column":28}}],"line":289},"25":{"loc":{"start":{"line":290,"column":4},"end":{"line":290,"column":20}},"type":"default-arg","locations":[{"start":{"line":290,"column":18},"end":{"line":290,"column":20}}],"line":290},"26":{"loc":{"start":{"line":293,"column":4},"end":{"line":295,"column":5}},"type":"if","locations":[{"start":{"line":293,"column":4},"end":{"line":295,"column":5}},{"start":{},"end":{}}],"line":293},"27":{"loc":{"start":{"line":332,"column":64},"end":{"line":332,"column":80}},"type":"default-arg","locations":[{"start":{"line":332,"column":78},"end":{"line":332,"column":80}}],"line":332},"28":{"loc":{"start":{"line":359,"column":4},"end":{"line":359,"column":34}},"type":"default-arg","locations":[{"start":{"line":359,"column":30},"end":{"line":359,"column":34}}],"line":359},"29":{"loc":{"start":{"line":360,"column":4},"end":{"line":360,"column":31}},"type":"default-arg","locations":[{"start":{"line":360,"column":27},"end":{"line":360,"column":31}}],"line":360},"30":{"loc":{"start":{"line":361,"column":4},"end":{"line":361,"column":20}},"type":"default-arg","locations":[{"start":{"line":361,"column":18},"end":{"line":361,"column":20}}],"line":361},"31":{"loc":{"start":{"line":362,"column":4},"end":{"line":362,"column":20}},"type":"default-arg","locations":[{"start":{"line":362,"column":18},"end":{"line":362,"column":20}}],"line":362},"32":{"loc":{"start":{"line":380,"column":4},"end":{"line":380,"column":35}},"type":"default-arg","locations":[{"start":{"line":380,"column":30},"end":{"line":380,"column":35}}],"line":380},"33":{"loc":{"start":{"line":381,"column":4},"end":{"line":381,"column":28}},"type":"default-arg","locations":[{"start":{"line":381,"column":27},"end":{"line":381,"column":28}}],"line":381},"34":{"loc":{"start":{"line":382,"column":4},"end":{"line":382,"column":20}},"type":"default-arg","locations":[{"start":{"line":382,"column":18},"end":{"line":382,"column":20}}],"line":382},"35":{"loc":{"start":{"line":383,"column":4},"end":{"line":383,"column":20}},"type":"default-arg","locations":[{"start":{"line":383,"column":18},"end":{"line":383,"column":20}}],"line":383},"36":{"loc":{"start":{"line":402,"column":4},"end":{"line":402,"column":35}},"type":"default-arg","locations":[{"start":{"line":402,"column":30},"end":{"line":402,"column":35}}],"line":402},"37":{"loc":{"start":{"line":403,"column":4},"end":{"line":403,"column":20}},"type":"default-arg","locations":[{"start":{"line":403,"column":18},"end":{"line":403,"column":20}}],"line":403},"38":{"loc":{"start":{"line":404,"column":4},"end":{"line":404,"column":28}},"type":"default-arg","locations":[{"start":{"line":404,"column":27},"end":{"line":404,"column":28}}],"line":404},"39":{"loc":{"start":{"line":405,"column":4},"end":{"line":405,"column":20}},"type":"default-arg","locations":[{"start":{"line":405,"column":18},"end":{"line":405,"column":20}}],"line":405}},"s":{"0":2,"1":2,"2":2,"3":2,"4":2,"5":2,"6":2,"7":2,"8":2,"9":2,"10":2,"11":2,"12":2,"13":0,"14":2,"15":19,"16":19,"17":0,"18":19,"19":2,"20":19,"21":2,"22":19,"23":19,"24":19,"25":39,"26":39,"27":39,"28":19,"29":19,"30":19,"31":19,"32":19,"33":19,"34":19,"35":19,"36":2,"37":19,"38":19,"39":19,"40":19,"41":19,"42":19,"43":19,"44":19,"45":19,"46":0,"47":19,"48":19,"49":1,"50":1,"51":1,"52":2,"53":8,"54":8,"55":8,"56":8,"57":8,"58":0,"59":2,"60":1,"61":1,"62":1,"63":1,"64":2,"65":2,"66":2,"67":2,"68":2,"69":2,"70":2,"71":2,"72":2,"73":2,"74":2,"75":2,"76":2,"77":2,"78":2,"79":2,"80":2,"81":2,"82":2,"83":2,"84":2,"85":2,"86":2,"87":2,"88":2,"89":2,"90":2,"91":2,"92":2,"93":2,"94":2,"95":2,"96":1,"97":1,"98":1,"99":2,"100":0,"101":0,"102":0,"103":0,"104":0,"105":2,"106":0,"107":0,"108":0,"109":0,"110":0,"111":2,"112":1,"113":1,"114":1,"115":1,"116":1,"117":1,"118":2,"119":1,"120":1,"121":1,"122":1,"123":1,"124":2,"125":0,"126":0,"127":0,"128":0,"129":0,"130":2},"f":{"0":2,"1":2,"2":19,"3":19,"4":19,"5":19,"6":8,"7":1,"8":2,"9":2,"10":2,"11":2,"12":1,"13":0,"14":0,"15":1,"16":1,"17":0},"b":{"0":[0],"1":[0],"2":[2],"3":[0,2],"4":[0],"5":[0,19],"6":[19],"7":[19,0],"8":[19,0],"9":[8,0],"10":[2],"11":[2],"12":[2],"13":[2,0],"14":[2],"15":[2],"16":[2],"17":[2,0],"18":[0],"19":[2],"20":[2],"21":[2],"22":[2],"23":[2],"24":[2],"25":[2],"26":[2,0],"27":[0],"28":[0],"29":[0],"30":[0],"31":[0],"32":[1],"33":[1],"34":[1],"35":[1],"36":[0],"37":[0],"38":[0],"39":[0]},"inputSourceMap":null,"_coverageSchema":"1a1c01bbd47fc00a2c39e90264f33305004495a9","hash":"b5fbd4645680d00783806d15dff08b2c7fa9b199"}
}
