TN:
SF:lib/main.js
FN:17,Client
FN:55,(anonymous_1)
FN:65,(anonymous_2)
FN:84,(anonymous_3)
FN:95,(anonymous_4)
FN:122,(anonymous_5)
FN:163,(anonymous_6)
FN:179,(anonymous_7)
FN:201,(anonymous_8)
FN:243,(anonymous_9)
FN:282,(anonymous_10)
FN:316,(anonymous_11)
FN:332,(anonymous_12)
FN:338,(anonymous_13)
FN:346,(anonymous_14)
FN:356,(anonymous_15)
FN:378,(anonymous_16)
FN:399,(anonymous_17)
FNF:18
FNH:15
FNDA:2,Client
FNDA:2,(anonymous_1)
FNDA:19,(anonymous_2)
FNDA:19,(anonymous_3)
FNDA:19,(anonymous_4)
FNDA:19,(anonymous_5)
FNDA:8,(anonymous_6)
FNDA:1,(anonymous_7)
FNDA:2,(anonymous_8)
FNDA:2,(anonymous_9)
FNDA:2,(anonymous_10)
FNDA:2,(anonymous_11)
FNDA:1,(anonymous_12)
FNDA:0,(anonymous_13)
FNDA:0,(anonymous_14)
FNDA:1,(anonymous_15)
FNDA:1,(anonymous_16)
FNDA:0,(anonymous_17)
DA:1,2
DA:2,2
DA:3,2
DA:4,2
DA:25,2
DA:26,2
DA:27,2
DA:28,2
DA:29,2
DA:30,2
DA:31,2
DA:55,2
DA:56,2
DA:65,2
DA:66,19
DA:73,19
DA:74,0
DA:76,19
DA:84,2
DA:85,19
DA:95,2
DA:96,19
DA:97,19
DA:98,39
DA:99,39
DA:100,39
DA:102,19
DA:103,19
DA:104,19
DA:105,19
DA:106,19
DA:107,19
DA:108,19
DA:110,19
DA:122,2
DA:123,19
DA:124,19
DA:125,19
DA:127,19
DA:128,19
DA:129,19
DA:130,19
DA:136,19
DA:137,19
DA:139,0
DA:142,19
DA:143,19
DA:151,1
DA:152,1
DA:153,1
DA:163,2
DA:164,8
DA:165,8
DA:166,8
DA:167,8
DA:168,8
DA:170,0
DA:179,2
DA:180,1
DA:181,1
DA:182,1
DA:183,1
DA:201,2
DA:208,2
DA:209,2
DA:210,2
DA:212,2
DA:213,2
DA:214,2
DA:215,2
DA:221,2
DA:222,2
DA:223,2
DA:243,2
DA:251,2
DA:252,2
DA:253,2
DA:255,2
DA:261,2
DA:262,2
DA:263,2
DA:282,2
DA:292,2
DA:293,2
DA:294,2
DA:296,2
DA:305,2
DA:306,2
DA:307,2
DA:316,2
DA:317,2
DA:318,2
DA:319,2
DA:332,2
DA:333,1
DA:334,1
DA:335,1
DA:338,2
DA:339,0
DA:340,0
DA:341,0
DA:342,0
DA:343,0
DA:346,2
DA:349,0
DA:350,0
DA:351,0
DA:352,0
DA:353,0
DA:356,2
DA:364,1
DA:365,1
DA:366,1
DA:373,1
DA:374,1
DA:375,1
DA:378,2
DA:385,1
DA:386,1
DA:387,1
DA:388,1
DA:389,1
DA:399,2
DA:407,0
DA:408,0
DA:415,0
DA:416,0
DA:417,0
DA:422,2
LF:129
LH:111
BRDA:22,0,0,0
BRDA:23,1,0,0
BRDA:24,2,0,2
BRDA:56,3,0,0
BRDA:56,3,1,2
BRDA:65,4,0,0
BRDA:73,5,0,0
BRDA:73,5,1,19
BRDA:122,6,0,19
BRDA:127,7,0,19
BRDA:127,7,1,0
BRDA:136,8,0,19
BRDA:136,8,1,0
BRDA:167,9,0,8
BRDA:167,9,1,0
BRDA:203,10,0,2
BRDA:204,11,0,2
BRDA:205,12,0,2
BRDA:209,13,0,2
BRDA:209,13,1,0
BRDA:246,14,0,2
BRDA:247,15,0,2
BRDA:248,16,0,2
BRDA:252,17,0,2
BRDA:252,17,1,0
BRDA:283,18,0,0
BRDA:284,19,0,2
BRDA:285,20,0,2
BRDA:286,21,0,2
BRDA:287,22,0,2
BRDA:288,23,0,2
BRDA:289,24,0,2
BRDA:290,25,0,2
BRDA:293,26,0,2
BRDA:293,26,1,0
BRDA:332,27,0,0
BRDA:359,28,0,0
BRDA:360,29,0,0
BRDA:361,30,0,0
BRDA:362,31,0,0
BRDA:380,32,0,1
BRDA:381,33,0,1
BRDA:382,34,0,1
BRDA:383,35,0,1
BRDA:402,36,0,0
BRDA:403,37,0,0
BRDA:404,38,0,0
BRDA:405,39,0,0
BRF:48
BRH:27
end_of_record
